<?xml version="1.0" encoding="UTF-8"?>
<coverage generated="1702469114015" clover="3.2.0">
  <project timestamp="1702469114016" name="All files">
    <metrics statements="51" coveredstatements="39" conditionals="16" coveredconditionals="11" methods="22" coveredmethods="14" elements="89" coveredelements="64" complexity="0" loc="51" ncloc="51" packages="15" files="19" classes="19"/>
    <package name="rn-descobrindosaopaulo">
      <metrics statements="1" coveredstatements="1" conditionals="0" coveredconditionals="0" methods="0" coveredmethods="0"/>
      <file name="events.js" path="/home/rafaelpalma/Documents/rn-descobrindosaopaulo/events.js">
        <metrics statements="1" coveredstatements="1" conditionals="0" coveredconditionals="0" methods="0" coveredmethods="0"/>
        <line num="1" count="1" type="stmt"/>
      </file>
    </package>
    <package name="rn-descobrindosaopaulo.src.components.Button">
      <metrics statements="1" coveredstatements="1" conditionals="7" coveredconditionals="4" methods="1" coveredmethods="1"/>
      <file name="index.tsx" path="/home/rafaelpalma/Documents/rn-descobrindosaopaulo/src/components/Button/index.tsx">
        <metrics statements="1" coveredstatements="1" conditionals="7" coveredconditionals="4" methods="1" coveredmethods="1"/>
        <line num="9" count="1" type="stmt"/>
      </file>
    </package>
    <package name="rn-descobrindosaopaulo.src.components.Event">
      <metrics statements="7" coveredstatements="4" conditionals="0" coveredconditionals="0" methods="3" coveredmethods="1"/>
      <file name="index.tsx" path="/home/rafaelpalma/Documents/rn-descobrindosaopaulo/src/components/Event/index.tsx">
        <metrics statements="4" coveredstatements="1" conditionals="0" coveredconditionals="0" methods="3" coveredmethods="1"/>
        <line num="21" count="1" type="stmt"/>
        <line num="24" count="0" type="stmt"/>
        <line num="27" count="0" type="stmt"/>
        <line num="38" count="0" type="stmt"/>
      </file>
      <file name="styles.ts" path="/home/rafaelpalma/Documents/rn-descobrindosaopaulo/src/components/Event/styles.ts">
        <metrics statements="3" coveredstatements="3" conditionals="0" coveredconditionals="0" methods="0" coveredmethods="0"/>
        <line num="3" count="2" type="stmt"/>
        <line num="13" count="2" type="stmt"/>
        <line num="19" count="2" type="stmt"/>
      </file>
    </package>
    <package name="rn-descobrindosaopaulo.src.components.Header">
      <metrics statements="3" coveredstatements="2" conditionals="0" coveredconditionals="0" methods="2" coveredmethods="1"/>
      <file name="index.tsx" path="/home/rafaelpalma/Documents/rn-descobrindosaopaulo/src/components/Header/index.tsx">
        <metrics statements="3" coveredstatements="2" conditionals="0" coveredconditionals="0" methods="2" coveredmethods="1"/>
        <line num="11" count="2" type="stmt"/>
        <line num="12" count="1" type="stmt"/>
        <line num="23" count="0" type="stmt"/>
      </file>
    </package>
    <package name="rn-descobrindosaopaulo.src.components.Participant">
      <metrics statements="2" coveredstatements="2" conditionals="0" coveredconditionals="0" methods="1" coveredmethods="1"/>
      <file name="index.tsx" path="/home/rafaelpalma/Documents/rn-descobrindosaopaulo/src/components/Participant/index.tsx">
        <metrics statements="1" coveredstatements="1" conditionals="0" coveredconditionals="0" methods="1" coveredmethods="1"/>
        <line num="10" count="1" type="stmt"/>
      </file>
      <file name="styles.ts" path="/home/rafaelpalma/Documents/rn-descobrindosaopaulo/src/components/Participant/styles.ts">
        <metrics statements="1" coveredstatements="1" conditionals="0" coveredconditionals="0" methods="0" coveredmethods="0"/>
        <line num="3" count="1" type="stmt"/>
      </file>
    </package>
    <package name="rn-descobrindosaopaulo.src.pages.Contact">
      <metrics statements="3" coveredstatements="3" conditionals="0" coveredconditionals="0" methods="1" coveredmethods="1"/>
      <file name="index.tsx" path="/home/rafaelpalma/Documents/rn-descobrindosaopaulo/src/pages/Contact/index.tsx">
        <metrics statements="1" coveredstatements="1" conditionals="0" coveredconditionals="0" methods="1" coveredmethods="1"/>
        <line num="6" count="2" type="stmt"/>
      </file>
      <file name="styles.ts" path="/home/rafaelpalma/Documents/rn-descobrindosaopaulo/src/pages/Contact/styles.ts">
        <metrics statements="2" coveredstatements="2" conditionals="0" coveredconditionals="0" methods="0" coveredmethods="0"/>
        <line num="3" count="1" type="stmt"/>
        <line num="7" count="1" type="stmt"/>
      </file>
    </package>
    <package name="rn-descobrindosaopaulo.src.pages.Events">
      <metrics statements="15" coveredstatements="7" conditionals="5" coveredconditionals="3" methods="6" coveredmethods="1"/>
      <file name="index.tsx" path="/home/rafaelpalma/Documents/rn-descobrindosaopaulo/src/pages/Events/index.tsx">
        <metrics statements="12" coveredstatements="4" conditionals="5" coveredconditionals="3" methods="5" coveredmethods="1"/>
        <line num="12" count="2" type="stmt"/>
        <line num="13" count="1" type="stmt"/>
        <line num="15" count="1" type="stmt"/>
        <line num="17" count="0" type="stmt"/>
        <line num="18" count="0" type="stmt"/>
        <line num="25" count="0" type="stmt"/>
        <line num="27" count="0" type="stmt"/>
        <line num="29" count="0" type="stmt"/>
        <line num="33" count="0" type="stmt"/>
        <line num="36" count="1" type="stmt"/>
        <line num="55" count="0" type="stmt"/>
        <line num="57" count="0" type="stmt"/>
      </file>
      <file name="styles.ts" path="/home/rafaelpalma/Documents/rn-descobrindosaopaulo/src/pages/Events/styles.ts">
        <metrics statements="3" coveredstatements="3" conditionals="0" coveredconditionals="0" methods="1" coveredmethods="0"/>
        <line num="3" count="1" type="stmt"/>
        <line num="13" count="1" type="stmt"/>
        <line num="19" count="1" type="stmt"/>
      </file>
    </package>
    <package name="rn-descobrindosaopaulo.src.utils.firstLetterUppercase">
      <metrics statements="2" coveredstatements="2" conditionals="2" coveredconditionals="2" methods="1" coveredmethods="1"/>
      <file name="index.ts" path="/home/rafaelpalma/Documents/rn-descobrindosaopaulo/src/utils/firstLetterUppercase/index.ts">
        <metrics statements="2" coveredstatements="2" conditionals="2" coveredconditionals="2" methods="1" coveredmethods="1"/>
        <line num="3" count="3" type="cond" truecount="2" falsecount="0"/>
        <line num="6" count="1" type="stmt"/>
      </file>
    </package>
    <package name="rn-descobrindosaopaulo.src.utils.getDay">
      <metrics statements="2" coveredstatements="2" conditionals="0" coveredconditionals="0" methods="1" coveredmethods="1"/>
      <file name="index.ts" path="/home/rafaelpalma/Documents/rn-descobrindosaopaulo/src/utils/getDay/index.ts">
        <metrics statements="2" coveredstatements="2" conditionals="0" coveredconditionals="0" methods="1" coveredmethods="1"/>
        <line num="4" count="1" type="stmt"/>
        <line num="6" count="1" type="stmt"/>
      </file>
    </package>
    <package name="rn-descobrindosaopaulo.src.utils.getDayOfWeek">
      <metrics statements="2" coveredstatements="2" conditionals="0" coveredconditionals="0" methods="1" coveredmethods="1"/>
      <file name="index.ts" path="/home/rafaelpalma/Documents/rn-descobrindosaopaulo/src/utils/getDayOfWeek/index.ts">
        <metrics statements="2" coveredstatements="2" conditionals="0" coveredconditionals="0" methods="1" coveredmethods="1"/>
        <line num="5" count="1" type="stmt"/>
        <line num="7" count="1" type="stmt"/>
      </file>
    </package>
    <package name="rn-descobrindosaopaulo.src.utils.getHour">
      <metrics statements="4" coveredstatements="4" conditionals="0" coveredconditionals="0" methods="1" coveredmethods="1"/>
      <file name="index.ts" path="/home/rafaelpalma/Documents/rn-descobrindosaopaulo/src/utils/getHour/index.ts">
        <metrics statements="4" coveredstatements="4" conditionals="0" coveredconditionals="0" methods="1" coveredmethods="1"/>
        <line num="5" count="1" type="stmt"/>
        <line num="7" count="1" type="stmt"/>
        <line num="8" count="1" type="stmt"/>
        <line num="10" count="1" type="stmt"/>
      </file>
    </package>
    <package name="rn-descobrindosaopaulo.src.utils.getMonth">
      <metrics statements="2" coveredstatements="2" conditionals="0" coveredconditionals="0" methods="1" coveredmethods="1"/>
      <file name="index.ts" path="/home/rafaelpalma/Documents/rn-descobrindosaopaulo/src/utils/getMonth/index.ts">
        <metrics statements="2" coveredstatements="2" conditionals="0" coveredconditionals="0" methods="1" coveredmethods="1"/>
        <line num="5" count="1" type="stmt"/>
        <line num="7" count="1" type="stmt"/>
      </file>
    </package>
    <package name="rn-descobrindosaopaulo.src.utils.getTwoDigitsYear">
      <metrics statements="2" coveredstatements="2" conditionals="0" coveredconditionals="0" methods="1" coveredmethods="1"/>
      <file name="index.ts" path="/home/rafaelpalma/Documents/rn-descobrindosaopaulo/src/utils/getTwoDigitsYear/index.ts">
        <metrics statements="2" coveredstatements="2" conditionals="0" coveredconditionals="0" methods="1" coveredmethods="1"/>
        <line num="2" count="1" type="stmt"/>
        <line num="4" count="1" type="stmt"/>
      </file>
    </package>
    <package name="rn-descobrindosaopaulo.src.utils.limitLetters">
      <metrics statements="3" coveredstatements="3" conditionals="2" coveredconditionals="2" methods="1" coveredmethods="1"/>
      <file name="index.ts" path="/home/rafaelpalma/Documents/rn-descobrindosaopaulo/src/utils/limitLetters/index.ts">
        <metrics statements="3" coveredstatements="3" conditionals="2" coveredconditionals="2" methods="1" coveredmethods="1"/>
        <line num="2" count="2" type="cond" truecount="2" falsecount="0"/>
        <line num="3" count="1" type="stmt"/>
        <line num="5" count="1" type="stmt"/>
      </file>
    </package>
    <package name="rn-descobrindosaopaulo.src.utils.openGoogleMaps">
      <metrics statements="2" coveredstatements="2" conditionals="0" coveredconditionals="0" methods="1" coveredmethods="1"/>
      <file name="index.tsx" path="/home/rafaelpalma/Documents/rn-descobrindosaopaulo/src/utils/openGoogleMaps/index.tsx">
        <metrics statements="2" coveredstatements="2" conditionals="0" coveredconditionals="0" methods="1" coveredmethods="1"/>
        <line num="4" count="1" type="stmt"/>
        <line num="5" count="1" type="stmt"/>
      </file>
    </package>
  </project>
</coverage>
