{"/home/rafaelpalma/Documents/rn-descobrindosaopaulo/events.js": {"path":"/home/rafaelpalma/Documents/rn-descobrindosaopaulo/events.js","statementMap":{"0":{"start":{"line":1,"column":22},"end":{"line":87,"column":1}}},"fnMap":{},"branchMap":{},"s":{"0":1},"f":{},"b":{},"_coverageSchema":"1a1c01bbd47fc00a2c39e90264f33305004495a9","hash":"555eb7296048b76a11ac2057fc73fa22302acee9"}
,"/home/rafaelpalma/Documents/rn-descobrindosaopaulo/src/components/Button/index.tsx": {"path":"/home/rafaelpalma/Documents/rn-descobrindosaopaulo/src/components/Button/index.tsx","statementMap":{"0":{"start":{"line":9,"column":2},"end":{"line":13,"column":3}}},"fnMap":{"0":{"name":"Button","decl":{"start":{"line":8,"column":16},"end":{"line":8,"column":22}},"loc":{"start":{"line":8,"column":49},"end":{"line":14,"column":1}},"line":8}},"branchMap":{},"s":{"0":1},"f":{"0":1},"b":{},"_coverageSchema":"1a1c01bbd47fc00a2c39e90264f33305004495a9","hash":"ac590ca4b2e5d0b8556bd454db5a9428a9ca7697"}
,"/home/rafaelpalma/Documents/rn-descobrindosaopaulo/src/components/Button/styles.ts": {"path":"/home/rafaelpalma/Documents/rn-descobrindosaopaulo/src/components/Button/styles.ts","statementMap":{"0":{"start":{"line":4,"column":25},"end":{"line":10,"column":1}},"1":{"start":{"line":12,"column":20},"end":{"line":15,"column":1}}},"fnMap":{},"branchMap":{},"s":{"0":3,"1":3},"f":{},"b":{},"_coverageSchema":"1a1c01bbd47fc00a2c39e90264f33305004495a9","hash":"3ca751206ed08680b2b8cfebc44406d3f96d1fa3"}
,"/home/rafaelpalma/Documents/rn-descobrindosaopaulo/src/components/Event/index.tsx": {"path":"/home/rafaelpalma/Documents/rn-descobrindosaopaulo/src/components/Event/index.tsx","statementMap":{"0":{"start":{"line":22,"column":16},"end":{"line":22,"column":46}},"1":{"start":{"line":23,"column":4},"end":{"line":23,"column":24}},"2":{"start":{"line":26,"column":21},"end":{"line":26,"column":36}},"3":{"start":{"line":29,"column":4},"end":{"line":29,"column":34}},"4":{"start":{"line":32,"column":2},"end":{"line":51,"column":3}},"5":{"start":{"line":43,"column":23},"end":{"line":43,"column":58}}},"fnMap":{"0":{"name":"Event","decl":{"start":{"line":12,"column":16},"end":{"line":12,"column":21}},"loc":{"start":{"line":20,"column":11},"end":{"line":52,"column":1}},"line":20},"1":{"name":"openGoogleMaps","decl":{"start":{"line":21,"column":11},"end":{"line":21,"column":25}},"loc":{"start":{"line":21,"column":63},"end":{"line":24,"column":3}},"line":21},"2":{"name":"handleContactOrganizer","decl":{"start":{"line":28,"column":11},"end":{"line":28,"column":33}},"loc":{"start":{"line":28,"column":36},"end":{"line":30,"column":3}},"line":28},"3":{"name":"(anonymous_3)","decl":{"start":{"line":43,"column":17},"end":{"line":43,"column":18}},"loc":{"start":{"line":43,"column":23},"end":{"line":43,"column":58}},"line":43}},"branchMap":{},"s":{"0":0,"1":0,"2":2,"3":0,"4":0,"5":0},"f":{"0":2,"1":0,"2":0,"3":0},"b":{},"_coverageSchema":"1a1c01bbd47fc00a2c39e90264f33305004495a9","hash":"2aac574c9c2062cf7ad3a5b0742e84de6443c779"}
,"/home/rafaelpalma/Documents/rn-descobrindosaopaulo/src/components/Event/styles.ts": {"path":"/home/rafaelpalma/Documents/rn-descobrindosaopaulo/src/components/Event/styles.ts","statementMap":{"0":{"start":{"line":3,"column":25},"end":{"line":12,"column":1}},"1":{"start":{"line":13,"column":26},"end":{"line":17,"column":1}},"2":{"start":{"line":19,"column":26},"end":{"line":21,"column":1}}},"fnMap":{},"branchMap":{},"s":{"0":2,"1":2,"2":2},"f":{},"b":{},"_coverageSchema":"1a1c01bbd47fc00a2c39e90264f33305004495a9","hash":"b243225dca7f2fac903a39d40e5b96cab54ce233"}
,"/home/rafaelpalma/Documents/rn-descobrindosaopaulo/src/components/Participant/index.tsx": {"path":"/home/rafaelpalma/Documents/rn-descobrindosaopaulo/src/components/Participant/index.tsx","statementMap":{"0":{"start":{"line":10,"column":2},"end":{"line":22,"column":3}}},"fnMap":{"0":{"name":"Participant","decl":{"start":{"line":9,"column":16},"end":{"line":9,"column":27}},"loc":{"start":{"line":9,"column":66},"end":{"line":23,"column":1}},"line":9}},"branchMap":{},"s":{"0":2},"f":{"0":2},"b":{},"_coverageSchema":"1a1c01bbd47fc00a2c39e90264f33305004495a9","hash":"50db2e5eb63ad0ab044c92b5afc8130a32e3d379"}
,"/home/rafaelpalma/Documents/rn-descobrindosaopaulo/src/components/Participant/styles.ts": {"path":"/home/rafaelpalma/Documents/rn-descobrindosaopaulo/src/components/Participant/styles.ts","statementMap":{"0":{"start":{"line":3,"column":22},"end":{"line":30,"column":2}}},"fnMap":{},"branchMap":{},"s":{"0":2},"f":{},"b":{},"_coverageSchema":"1a1c01bbd47fc00a2c39e90264f33305004495a9","hash":"5e3349e8ac55798be16a82a44531d1b08590968e"}
,"/home/rafaelpalma/Documents/rn-descobrindosaopaulo/src/pages/Contact/index.tsx": {"path":"/home/rafaelpalma/Documents/rn-descobrindosaopaulo/src/pages/Contact/index.tsx","statementMap":{"0":{"start":{"line":4,"column":2},"end":{"line":8,"column":3}}},"fnMap":{"0":{"name":"Contact","decl":{"start":{"line":3,"column":16},"end":{"line":3,"column":23}},"loc":{"start":{"line":3,"column":26},"end":{"line":9,"column":1}},"line":3}},"branchMap":{},"s":{"0":1},"f":{"0":1},"b":{},"_coverageSchema":"1a1c01bbd47fc00a2c39e90264f33305004495a9","hash":"d625376183f9e6a94b548c7efd6c2469595ad057"}
,"/home/rafaelpalma/Documents/rn-descobrindosaopaulo/src/pages/Contact/styles.ts": {"path":"/home/rafaelpalma/Documents/rn-descobrindosaopaulo/src/pages/Contact/styles.ts","statementMap":{"0":{"start":{"line":3,"column":25},"end":{"line":6,"column":1}},"1":{"start":{"line":7,"column":21},"end":{"line":9,"column":1}}},"fnMap":{},"branchMap":{},"s":{"0":1,"1":1},"f":{},"b":{},"_coverageSchema":"1a1c01bbd47fc00a2c39e90264f33305004495a9","hash":"325b9913d56ff27d35c1770839c4f1872b5736c3"}
,"/home/rafaelpalma/Documents/rn-descobrindosaopaulo/src/pages/Events/index.tsx": {"path":"/home/rafaelpalma/Documents/rn-descobrindosaopaulo/src/pages/Events/index.tsx","statementMap":{"0":{"start":{"line":10,"column":30},"end":{"line":10,"column":52}},"1":{"start":{"line":11,"column":32},"end":{"line":11,"column":55}},"2":{"start":{"line":13,"column":2},"end":{"line":32,"column":8}},"3":{"start":{"line":15,"column":6},"end":{"line":28,"column":7}},"4":{"start":{"line":16,"column":23},"end":{"line":20,"column":9}},"5":{"start":{"line":23,"column":8},"end":{"line":23,"column":29}},"6":{"start":{"line":25,"column":8},"end":{"line":25,"column":26}},"7":{"start":{"line":27,"column":8},"end":{"line":27,"column":25}},"8":{"start":{"line":31,"column":4},"end":{"line":31,"column":15}},"9":{"start":{"line":34,"column":2},"end":{"line":74,"column":3}},"10":{"start":{"line":52,"column":29},"end":{"line":52,"column":41}},"11":{"start":{"line":54,"column":12},"end":{"line":68,"column":13}}},"fnMap":{"0":{"name":"Events","decl":{"start":{"line":9,"column":16},"end":{"line":9,"column":22}},"loc":{"start":{"line":9,"column":25},"end":{"line":75,"column":1}},"line":9},"1":{"name":"(anonymous_1)","decl":{"start":{"line":13,"column":12},"end":{"line":13,"column":13}},"loc":{"start":{"line":13,"column":18},"end":{"line":32,"column":3}},"line":13},"2":{"name":"getEvents","decl":{"start":{"line":14,"column":19},"end":{"line":14,"column":28}},"loc":{"start":{"line":14,"column":31},"end":{"line":29,"column":5}},"line":14},"3":{"name":"(anonymous_3)","decl":{"start":{"line":52,"column":18},"end":{"line":52,"column":19}},"loc":{"start":{"line":52,"column":29},"end":{"line":52,"column":41}},"line":52},"4":{"name":"(anonymous_4)","decl":{"start":{"line":53,"column":15},"end":{"line":53,"column":16}},"loc":{"start":{"line":53,"column":26},"end":{"line":69,"column":11}},"line":53}},"branchMap":{"0":{"loc":{"start":{"line":38,"column":7},"end":{"line":42,"column":7}},"type":"binary-expr","locations":[{"start":{"line":38,"column":7},"end":{"line":38,"column":14}},{"start":{"line":39,"column":8},"end":{"line":41,"column":15}}],"line":38},"1":{"loc":{"start":{"line":44,"column":7},"end":{"line":48,"column":7}},"type":"binary-expr","locations":[{"start":{"line":44,"column":7},"end":{"line":44,"column":15}},{"start":{"line":44,"column":19},"end":{"line":44,"column":38}},{"start":{"line":45,"column":8},"end":{"line":47,"column":15}}],"line":44}},"s":{"0":1,"1":1,"2":1,"3":1,"4":1,"5":0,"6":0,"7":0,"8":1,"9":1,"10":0,"11":0},"f":{"0":1,"1":1,"2":1,"3":0,"4":0},"b":{"0":[1,1],"1":[1,0,0]},"_coverageSchema":"1a1c01bbd47fc00a2c39e90264f33305004495a9","hash":"fea4a7341838d3ff99f75b52d41f29baf79e26dc"}
,"/home/rafaelpalma/Documents/rn-descobrindosaopaulo/src/pages/Events/styles.ts": {"path":"/home/rafaelpalma/Documents/rn-descobrindosaopaulo/src/pages/Events/styles.ts","statementMap":{"0":{"start":{"line":3,"column":25},"end":{"line":11,"column":1}},"1":{"start":{"line":13,"column":26},"end":{"line":17,"column":1}},"2":{"start":{"line":13,"column":57},"end":{"line":15,"column":1}},"3":{"start":{"line":19,"column":21},"end":{"line":23,"column":1}}},"fnMap":{"0":{"name":"(anonymous_0)","decl":{"start":{"line":13,"column":50},"end":{"line":13,"column":51}},"loc":{"start":{"line":13,"column":57},"end":{"line":15,"column":1}},"line":13}},"branchMap":{},"s":{"0":1,"1":1,"2":1,"3":1},"f":{"0":1},"b":{},"_coverageSchema":"1a1c01bbd47fc00a2c39e90264f33305004495a9","hash":"411bf27e70c4f8b09eb9eccb09a563103bf3a052"}
,"/home/rafaelpalma/Documents/rn-descobrindosaopaulo/src/pages/Home/index.tsx": {"path":"/home/rafaelpalma/Documents/rn-descobrindosaopaulo/src/pages/Home/index.tsx","statementMap":{"0":{"start":{"line":20,"column":42},"end":{"line":20,"column":70}},"1":{"start":{"line":21,"column":40},"end":{"line":21,"column":60}},"2":{"start":{"line":22,"column":40},"end":{"line":22,"column":59}},"3":{"start":{"line":26,"column":4},"end":{"line":28,"column":5}},"4":{"start":{"line":27,"column":6},"end":{"line":27,"column":73}},"5":{"start":{"line":31,"column":30},"end":{"line":33,"column":5}},"6":{"start":{"line":32,"column":16},"end":{"line":32,"column":48}},"7":{"start":{"line":35,"column":4},"end":{"line":37,"column":5}},"8":{"start":{"line":36,"column":6},"end":{"line":36,"column":74}},"9":{"start":{"line":40,"column":4},"end":{"line":43,"column":6}},"10":{"start":{"line":40,"column":41},"end":{"line":43,"column":5}},"11":{"start":{"line":44,"column":4},"end":{"line":44,"column":46}},"12":{"start":{"line":44,"column":36},"end":{"line":44,"column":45}},"13":{"start":{"line":45,"column":4},"end":{"line":45,"column":28}},"14":{"start":{"line":49,"column":4},"end":{"line":49,"column":62}},"15":{"start":{"line":54,"column":4},"end":{"line":74,"column":5}},"16":{"start":{"line":65,"column":41},"end":{"line":67,"column":13}},"17":{"start":{"line":66,"column":31},"end":{"line":66,"column":52}},"18":{"start":{"line":68,"column":12},"end":{"line":68,"column":55}},"19":{"start":{"line":70,"column":12},"end":{"line":70,"column":36}},"20":{"start":{"line":77,"column":2},"end":{"line":130,"column":3}},"21":{"start":{"line":89,"column":31},"end":{"line":89,"column":48}},"22":{"start":{"line":101,"column":10},"end":{"line":105,"column":12}},"23":{"start":{"line":104,"column":28},"end":{"line":104,"column":71}},"24":{"start":{"line":107,"column":32},"end":{"line":107,"column":39}},"25":{"start":{"line":110,"column":10},"end":{"line":112,"column":17}}},"fnMap":{"0":{"name":"Home","decl":{"start":{"line":19,"column":16},"end":{"line":19,"column":20}},"loc":{"start":{"line":19,"column":23},"end":{"line":131,"column":1}},"line":19},"1":{"name":"handleParticipantAdd","decl":{"start":{"line":24,"column":17},"end":{"line":24,"column":37}},"loc":{"start":{"line":24,"column":40},"end":{"line":46,"column":3}},"line":24},"2":{"name":"(anonymous_2)","decl":{"start":{"line":32,"column":6},"end":{"line":32,"column":7}},"loc":{"start":{"line":32,"column":16},"end":{"line":32,"column":48}},"line":32},"3":{"name":"(anonymous_3)","decl":{"start":{"line":40,"column":26},"end":{"line":40,"column":27}},"loc":{"start":{"line":40,"column":41},"end":{"line":43,"column":5}},"line":40},"4":{"name":"(anonymous_4)","decl":{"start":{"line":44,"column":25},"end":{"line":44,"column":26}},"loc":{"start":{"line":44,"column":36},"end":{"line":44,"column":45}},"line":44},"5":{"name":"handleParticipantRemove","decl":{"start":{"line":48,"column":17},"end":{"line":48,"column":40}},"loc":{"start":{"line":48,"column":67},"end":{"line":75,"column":3}},"line":48},"6":{"name":"(anonymous_6)","decl":{"start":{"line":64,"column":19},"end":{"line":64,"column":20}},"loc":{"start":{"line":64,"column":31},"end":{"line":71,"column":11}},"line":64},"7":{"name":"(anonymous_7)","decl":{"start":{"line":66,"column":14},"end":{"line":66,"column":15}},"loc":{"start":{"line":66,"column":31},"end":{"line":66,"column":52}},"line":66},"8":{"name":"(anonymous_8)","decl":{"start":{"line":89,"column":24},"end":{"line":89,"column":25}},"loc":{"start":{"line":89,"column":31},"end":{"line":89,"column":48}},"line":89},"9":{"name":"(anonymous_9)","decl":{"start":{"line":100,"column":20},"end":{"line":100,"column":21}},"loc":{"start":{"line":101,"column":10},"end":{"line":105,"column":12}},"line":101},"10":{"name":"(anonymous_10)","decl":{"start":{"line":104,"column":22},"end":{"line":104,"column":23}},"loc":{"start":{"line":104,"column":28},"end":{"line":104,"column":71}},"line":104},"11":{"name":"(anonymous_11)","decl":{"start":{"line":107,"column":22},"end":{"line":107,"column":23}},"loc":{"start":{"line":107,"column":32},"end":{"line":107,"column":39}},"line":107},"12":{"name":"(anonymous_12)","decl":{"start":{"line":109,"column":28},"end":{"line":109,"column":29}},"loc":{"start":{"line":110,"column":10},"end":{"line":112,"column":17}},"line":110}},"branchMap":{"0":{"loc":{"start":{"line":26,"column":4},"end":{"line":28,"column":5}},"type":"if","locations":[{"start":{"line":26,"column":4},"end":{"line":28,"column":5}},{"start":{},"end":{}}],"line":26},"1":{"loc":{"start":{"line":35,"column":4},"end":{"line":37,"column":5}},"type":"if","locations":[{"start":{"line":35,"column":4},"end":{"line":37,"column":5}},{"start":{},"end":{}}],"line":35}},"s":{"0":1,"1":1,"2":1,"3":0,"4":0,"5":0,"6":0,"7":0,"8":0,"9":0,"10":0,"11":0,"12":0,"13":0,"14":0,"15":0,"16":0,"17":0,"18":0,"19":0,"20":1,"21":0,"22":0,"23":0,"24":0,"25":1},"f":{"0":1,"1":0,"2":0,"3":0,"4":0,"5":0,"6":0,"7":0,"8":0,"9":0,"10":0,"11":0,"12":1},"b":{"0":[0,0],"1":[0,0]},"_coverageSchema":"1a1c01bbd47fc00a2c39e90264f33305004495a9","hash":"2ee7ca6fbf45cf0f2c390d9d3722ac97fc687063"}
,"/home/rafaelpalma/Documents/rn-descobrindosaopaulo/src/pages/Home/styles.ts": {"path":"/home/rafaelpalma/Documents/rn-descobrindosaopaulo/src/pages/Home/styles.ts","statementMap":{"0":{"start":{"line":3,"column":22},"end":{"line":48,"column":2}}},"fnMap":{},"branchMap":{},"s":{"0":1},"f":{},"b":{},"_coverageSchema":"1a1c01bbd47fc00a2c39e90264f33305004495a9","hash":"ef0fa086cd8212722212e628443a5059d21beb3b"}
,"/home/rafaelpalma/Documents/rn-descobrindosaopaulo/src/utils/firstLetterUppercase/index.ts": {"path":"/home/rafaelpalma/Documents/rn-descobrindosaopaulo/src/utils/firstLetterUppercase/index.ts","statementMap":{"0":{"start":{"line":3,"column":2},"end":{"line":3,"column":24}},"1":{"start":{"line":3,"column":13},"end":{"line":3,"column":24}},"2":{"start":{"line":6,"column":2},"end":{"line":6,"column":67}}},"fnMap":{"0":{"name":"firstLetterUppercase","decl":{"start":{"line":1,"column":16},"end":{"line":1,"column":36}},"loc":{"start":{"line":1,"column":58},"end":{"line":7,"column":1}},"line":1}},"branchMap":{"0":{"loc":{"start":{"line":3,"column":2},"end":{"line":3,"column":24}},"type":"if","locations":[{"start":{"line":3,"column":2},"end":{"line":3,"column":24}},{"start":{},"end":{}}],"line":3}},"s":{"0":3,"1":2,"2":1},"f":{"0":3},"b":{"0":[2,1]},"_coverageSchema":"1a1c01bbd47fc00a2c39e90264f33305004495a9","hash":"22a5c24466d7e456ac00f8dc279a9fa80937d1c6"}
,"/home/rafaelpalma/Documents/rn-descobrindosaopaulo/src/utils/getDay/index.ts": {"path":"/home/rafaelpalma/Documents/rn-descobrindosaopaulo/src/utils/getDay/index.ts","statementMap":{"0":{"start":{"line":4,"column":14},"end":{"line":4,"column":42}},"1":{"start":{"line":6,"column":2},"end":{"line":6,"column":12}}},"fnMap":{"0":{"name":"getDay","decl":{"start":{"line":3,"column":16},"end":{"line":3,"column":22}},"loc":{"start":{"line":3,"column":37},"end":{"line":7,"column":1}},"line":3}},"branchMap":{},"s":{"0":1,"1":1},"f":{"0":1},"b":{},"_coverageSchema":"1a1c01bbd47fc00a2c39e90264f33305004495a9","hash":"84383e1ebe69e92b83cee38878fee18d367e9a0d"}
,"/home/rafaelpalma/Documents/rn-descobrindosaopaulo/src/utils/getDayOfWeek/index.ts": {"path":"/home/rafaelpalma/Documents/rn-descobrindosaopaulo/src/utils/getDayOfWeek/index.ts","statementMap":{"0":{"start":{"line":5,"column":20},"end":{"line":5,"column":68}},"1":{"start":{"line":7,"column":2},"end":{"line":7,"column":18}}},"fnMap":{"0":{"name":"getDayOfWeek","decl":{"start":{"line":4,"column":16},"end":{"line":4,"column":28}},"loc":{"start":{"line":4,"column":43},"end":{"line":8,"column":1}},"line":4}},"branchMap":{},"s":{"0":1,"1":1},"f":{"0":1},"b":{},"_coverageSchema":"1a1c01bbd47fc00a2c39e90264f33305004495a9","hash":"beeb169bc0ad7bfc201075267094013c1a9abb2b"}
,"/home/rafaelpalma/Documents/rn-descobrindosaopaulo/src/utils/getHour/index.ts": {"path":"/home/rafaelpalma/Documents/rn-descobrindosaopaulo/src/utils/getHour/index.ts","statementMap":{"0":{"start":{"line":5,"column":19},"end":{"line":5,"column":38}},"1":{"start":{"line":7,"column":27},"end":{"line":7,"column":67}},"2":{"start":{"line":8,"column":15},"end":{"line":8,"column":48}},"3":{"start":{"line":10,"column":2},"end":{"line":10,"column":13}}},"fnMap":{"0":{"name":"getHourAndMinutes","decl":{"start":{"line":4,"column":16},"end":{"line":4,"column":33}},"loc":{"start":{"line":4,"column":48},"end":{"line":11,"column":1}},"line":4}},"branchMap":{},"s":{"0":1,"1":1,"2":1,"3":1},"f":{"0":1},"b":{},"_coverageSchema":"1a1c01bbd47fc00a2c39e90264f33305004495a9","hash":"c4d4fa75f194a4a6c29c0f96561df98b4be3997b"}
,"/home/rafaelpalma/Documents/rn-descobrindosaopaulo/src/utils/getMonth/index.ts": {"path":"/home/rafaelpalma/Documents/rn-descobrindosaopaulo/src/utils/getMonth/index.ts","statementMap":{"0":{"start":{"line":5,"column":16},"end":{"line":5,"column":63}},"1":{"start":{"line":7,"column":2},"end":{"line":7,"column":14}}},"fnMap":{"0":{"name":"getMonth","decl":{"start":{"line":4,"column":16},"end":{"line":4,"column":24}},"loc":{"start":{"line":4,"column":39},"end":{"line":8,"column":1}},"line":4}},"branchMap":{},"s":{"0":1,"1":1},"f":{"0":1},"b":{},"_coverageSchema":"1a1c01bbd47fc00a2c39e90264f33305004495a9","hash":"4691eec999e2b8839bf99e39f34bef2373dff84c"}
,"/home/rafaelpalma/Documents/rn-descobrindosaopaulo/src/utils/getTwoDigitsYear/index.ts": {"path":"/home/rafaelpalma/Documents/rn-descobrindosaopaulo/src/utils/getTwoDigitsYear/index.ts","statementMap":{"0":{"start":{"line":2,"column":16},"end":{"line":2,"column":65}},"1":{"start":{"line":4,"column":2},"end":{"line":4,"column":14}}},"fnMap":{"0":{"name":"getTwoDigitsYear","decl":{"start":{"line":1,"column":16},"end":{"line":1,"column":32}},"loc":{"start":{"line":1,"column":47},"end":{"line":5,"column":1}},"line":1}},"branchMap":{},"s":{"0":1,"1":1},"f":{"0":1},"b":{},"_coverageSchema":"1a1c01bbd47fc00a2c39e90264f33305004495a9","hash":"ac343f7212194dc8c5d7aa1fa48b90c688be1970"}
}
