{"/home/rafaelpalma/Documents/rn-descobrindosaopaulo/src/components/Button/index.tsx": {"path":"/home/rafaelpalma/Documents/rn-descobrindosaopaulo/src/components/Button/index.tsx","statementMap":{"0":{"start":{"line":9,"column":2},"end":{"line":13,"column":3}}},"fnMap":{"0":{"name":"Button","decl":{"start":{"line":8,"column":16},"end":{"line":8,"column":22}},"loc":{"start":{"line":8,"column":49},"end":{"line":14,"column":1}},"line":8}},"branchMap":{},"s":{"0":1},"f":{"0":1},"b":{},"_coverageSchema":"1a1c01bbd47fc00a2c39e90264f33305004495a9","hash":"ac590ca4b2e5d0b8556bd454db5a9428a9ca7697"}
,"/home/rafaelpalma/Documents/rn-descobrindosaopaulo/src/components/Button/styles.ts": {"path":"/home/rafaelpalma/Documents/rn-descobrindosaopaulo/src/components/Button/styles.ts","statementMap":{"0":{"start":{"line":4,"column":25},"end":{"line":10,"column":1}},"1":{"start":{"line":12,"column":20},"end":{"line":15,"column":1}}},"fnMap":{},"branchMap":{},"s":{"0":1,"1":1},"f":{},"b":{},"_coverageSchema":"1a1c01bbd47fc00a2c39e90264f33305004495a9","hash":"3ca751206ed08680b2b8cfebc44406d3f96d1fa3"}
,"/home/rafaelpalma/Documents/rn-descobrindosaopaulo/src/utils/firstLetterUppercase/index.ts": {"path":"/home/rafaelpalma/Documents/rn-descobrindosaopaulo/src/utils/firstLetterUppercase/index.ts","statementMap":{"0":{"start":{"line":3,"column":2},"end":{"line":3,"column":24}},"1":{"start":{"line":3,"column":13},"end":{"line":3,"column":24}},"2":{"start":{"line":6,"column":2},"end":{"line":6,"column":67}}},"fnMap":{"0":{"name":"firstLetterUppercase","decl":{"start":{"line":1,"column":16},"end":{"line":1,"column":36}},"loc":{"start":{"line":1,"column":58},"end":{"line":7,"column":1}},"line":1}},"branchMap":{"0":{"loc":{"start":{"line":3,"column":2},"end":{"line":3,"column":24}},"type":"if","locations":[{"start":{"line":3,"column":2},"end":{"line":3,"column":24}},{"start":{},"end":{}}],"line":3}},"s":{"0":3,"1":2,"2":1},"f":{"0":3},"b":{"0":[2,1]},"_coverageSchema":"1a1c01bbd47fc00a2c39e90264f33305004495a9","hash":"22a5c24466d7e456ac00f8dc279a9fa80937d1c6"}
}
