TN:
SF:events.js
FNF:0
FNH:0
DA:1,1
LF:1
LH:1
BRF:0
BRH:0
end_of_record
TN:
SF:src/components/Button/index.tsx
FN:8,Button
FNF:1
FNH:1
FNDA:1,Button
DA:9,1
LF:1
LH:1
BRDA:8,0,0,1
BRDA:12,1,0,0
BRDA:12,1,1,1
BRDA:13,2,0,0
BRDA:13,2,1,1
BRDA:20,3,0,0
BRDA:20,3,1,1
BRF:7
BRH:4
end_of_record
TN:
SF:src/components/Event/index.tsx
FN:12,Event
FN:23,handleContactOrganizer
FN:38,(anonymous_2)
FNF:3
FNH:1
FNDA:1,Event
FNDA:0,handleContactOrganizer
FNDA:0,(anonymous_2)
DA:21,1
DA:24,0
DA:27,0
DA:38,0
LF:4
LH:1
BRF:0
BRH:0
end_of_record
TN:
SF:src/components/Event/styles.ts
FNF:0
FNH:0
DA:3,2
DA:13,2
DA:19,2
LF:3
LH:3
BRF:0
BRH:0
end_of_record
TN:
SF:src/components/Header/index.tsx
FN:10,Header
FN:22,(anonymous_1)
FNF:2
FNH:1
FNDA:2,Header
FNDA:0,(anonymous_1)
DA:11,2
DA:12,1
DA:23,0
LF:3
LH:2
BRF:0
BRH:0
end_of_record
TN:
SF:src/components/Participant/index.tsx
FN:9,Participant
FNF:1
FNH:1
FNDA:1,Participant
DA:10,1
LF:1
LH:1
BRF:0
BRH:0
end_of_record
TN:
SF:src/components/Participant/styles.ts
FNF:0
FNH:0
DA:3,1
LF:1
LH:1
BRF:0
BRH:0
end_of_record
TN:
SF:src/pages/Contact/index.tsx
FN:5,Contact
FNF:1
FNH:1
FNDA:2,Contact
DA:6,2
LF:1
LH:1
BRF:0
BRH:0
end_of_record
TN:
SF:src/pages/Contact/styles.ts
FNF:0
FNH:0
DA:3,1
DA:7,1
LF:2
LH:2
BRF:0
BRH:0
end_of_record
TN:
SF:src/pages/Events/index.tsx
FN:11,Events
FN:15,(anonymous_1)
FN:16,getEvents
FN:55,(anonymous_3)
FN:56,(anonymous_4)
FNF:5
FNH:1
FNDA:2,Events
FNDA:0,(anonymous_1)
FNDA:0,getEvents
FNDA:0,(anonymous_3)
FNDA:0,(anonymous_4)
DA:12,2
DA:13,1
DA:15,1
DA:17,0
DA:18,0
DA:25,0
DA:27,0
DA:29,0
DA:33,0
DA:36,1
DA:55,0
DA:57,0
LF:12
LH:4
BRDA:41,0,0,1
BRDA:41,0,1,1
BRDA:47,1,0,1
BRDA:47,1,1,0
BRDA:47,1,2,0
BRF:5
BRH:3
end_of_record
TN:
SF:src/pages/Events/styles.ts
FN:13,(anonymous_0)
FNF:1
FNH:0
FNDA:0,(anonymous_0)
DA:3,1
DA:13,1
DA:19,1
LF:3
LH:3
BRF:0
BRH:0
end_of_record
TN:
SF:src/utils/firstLetterUppercase/index.ts
FN:1,firstLetterUppercase
FNF:1
FNH:1
FNDA:3,firstLetterUppercase
DA:3,3
DA:6,1
LF:2
LH:2
BRDA:3,0,0,2
BRDA:3,0,1,1
BRF:2
BRH:2
end_of_record
TN:
SF:src/utils/getDay/index.ts
FN:3,getDay
FNF:1
FNH:1
FNDA:1,getDay
DA:4,1
DA:6,1
LF:2
LH:2
BRF:0
BRH:0
end_of_record
TN:
SF:src/utils/getDayOfWeek/index.ts
FN:4,getDayOfWeek
FNF:1
FNH:1
FNDA:1,getDayOfWeek
DA:5,1
DA:7,1
LF:2
LH:2
BRF:0
BRH:0
end_of_record
TN:
SF:src/utils/getHour/index.ts
FN:4,getHourAndMinutes
FNF:1
FNH:1
FNDA:1,getHourAndMinutes
DA:5,1
DA:7,1
DA:8,1
DA:10,1
LF:4
LH:4
BRF:0
BRH:0
end_of_record
TN:
SF:src/utils/getMonth/index.ts
FN:4,getMonth
FNF:1
FNH:1
FNDA:1,getMonth
DA:5,1
DA:7,1
LF:2
LH:2
BRF:0
BRH:0
end_of_record
TN:
SF:src/utils/getTwoDigitsYear/index.ts
FN:1,getTwoDigitsYear
FNF:1
FNH:1
FNDA:1,getTwoDigitsYear
DA:2,1
DA:4,1
LF:2
LH:2
BRF:0
BRH:0
end_of_record
TN:
SF:src/utils/limitLetters/index.ts
FN:1,limitLetters
FNF:1
FNH:1
FNDA:2,limitLetters
DA:2,2
DA:3,1
DA:5,1
LF:3
LH:3
BRDA:2,0,0,1
BRDA:2,0,1,1
BRF:2
BRH:2
end_of_record
TN:
SF:src/utils/openGoogleMaps/index.tsx
FN:3,openGoogleMaps
FNF:1
FNH:1
FNDA:1,openGoogleMaps
DA:4,1
DA:5,1
LF:2
LH:2
BRF:0
BRH:0
end_of_record
