TN:
SF:src/components/Button/index.tsx
FN:8,Button
FNF:1
FNH:1
FNDA:1,Button
DA:9,1
LF:1
LH:1
BRF:0
BRH:0
end_of_record
TN:
SF:src/components/Button/styles.ts
FNF:0
FNH:0
DA:4,2
DA:12,2
LF:2
LH:2
BRF:0
BRH:0
end_of_record
TN:
SF:src/components/Event/index.tsx
FN:12,Event
FN:21,openGoogleMaps
FN:28,handleContactOrganizer
FN:43,(anonymous_3)
FNF:4
FNH:1
FNDA:1,Event
FNDA:0,openGoogleMaps
FNDA:0,handleContactOrganizer
FNDA:0,(anonymous_3)
DA:22,0
DA:23,0
DA:26,1
DA:29,0
DA:32,0
DA:43,0
LF:6
LH:1
BRF:0
BRH:0
end_of_record
TN:
SF:src/components/Event/styles.ts
FNF:0
FNH:0
DA:3,1
DA:13,1
DA:19,1
LF:3
LH:3
BRF:0
BRH:0
end_of_record
TN:
SF:src/components/Participant/index.tsx
FN:9,Participant
FNF:1
FNH:1
FNDA:2,Participant
DA:10,2
LF:1
LH:1
BRF:0
BRH:0
end_of_record
TN:
SF:src/components/Participant/styles.ts
FNF:0
FNH:0
DA:3,1
LF:1
LH:1
BRF:0
BRH:0
end_of_record
TN:
SF:src/utils/firstLetterUppercase/index.ts
FN:1,firstLetterUppercase
FNF:1
FNH:1
FNDA:3,firstLetterUppercase
DA:3,3
DA:6,1
LF:2
LH:2
BRDA:3,0,0,2
BRDA:3,0,1,1
BRF:2
BRH:2
end_of_record
TN:
SF:src/utils/getDay/index.ts
FN:3,getDay
FNF:1
FNH:1
FNDA:1,getDay
DA:4,1
DA:6,1
LF:2
LH:2
BRF:0
BRH:0
end_of_record
TN:
SF:src/utils/getDayOfWeek/index.ts
FN:4,getDayOfWeek
FNF:1
FNH:1
FNDA:1,getDayOfWeek
DA:5,1
DA:7,1
LF:2
LH:2
BRF:0
BRH:0
end_of_record
TN:
SF:src/utils/getHour/index.ts
FN:4,getHourAndMinutes
FNF:1
FNH:1
FNDA:1,getHourAndMinutes
DA:5,1
DA:7,1
DA:8,1
DA:10,1
LF:4
LH:4
BRF:0
BRH:0
end_of_record
TN:
SF:src/utils/getMonth/index.ts
FN:4,getMonth
FNF:1
FNH:1
FNDA:1,getMonth
DA:5,1
DA:7,1
LF:2
LH:2
BRF:0
BRH:0
end_of_record
TN:
SF:src/utils/getTwoDigitsYear/index.ts
FN:1,getTwoDigitsYear
FNF:1
FNH:1
FNDA:1,getTwoDigitsYear
DA:2,1
DA:4,1
LF:2
LH:2
BRF:0
BRH:0
end_of_record
